<?xml version="1.0" encoding="UTF-8"?>
<coverage generated="1775451460345" clover="3.2.0">
  <project timestamp="1775451460345" name="All files">
    <metrics statements="9" coveredstatements="9" conditionals="10" coveredconditionals="10" methods="4" coveredmethods="4" elements="23" coveredelements="23" complexity="0" loc="9" ncloc="9" packages="1" files="1" classes="1"/>
    <file name="student.Js" path="C:\Users\Mbiangoup II Reine\Documents\TDD\student.Js">
      <metrics statements="9" coveredstatements="9" conditionals="10" coveredconditionals="10" methods="4" coveredmethods="4"/>
      <line num="2" count="3" type="cond" truecount="4" falsecount="0"/>
      <line num="4" count="4" type="stmt"/>
      <line num="5" count="2" type="stmt"/>
      <line num="9" count="4" type="cond" truecount="2" falsecount="0"/>
      <line num="10" count="3" type="cond" truecount="2" falsecount="0"/>
      <line num="11" count="2" type="cond" truecount="2" falsecount="0"/>
      <line num="12" count="1" type="stmt"/>
      <line num="16" count="2" type="stmt"/>
      <line num="19" count="1" type="stmt"/>
    </file>
  </project>
</coverage>
