{"C:\\Users\\Mbiangoup II Reine\\Documents\\TDD\\student.Js": {"path":"C:\\Users\\Mbiangoup II Reine\\Documents\\TDD\\student.Js","statementMap":{"0":{"start":{"line":2,"column":2},"end":{"line":2,"column":47}},"1":{"start":{"line":2,"column":38},"end":{"line":2,"column":47}},"2":{"start":{"line":4,"column":16},"end":{"line":4,"column":61}},"3":{"start":{"line":4,"column":46},"end":{"line":4,"column":57}},"4":{"start":{"line":5,"column":2},"end":{"line":5,"column":31}},"5":{"start":{"line":9,"column":2},"end":{"line":9,"column":30}},"6":{"start":{"line":9,"column":19},"end":{"line":9,"column":30}},"7":{"start":{"line":10,"column":2},"end":{"line":10,"column":30}},"8":{"start":{"line":10,"column":19},"end":{"line":10,"column":30}},"9":{"start":{"line":11,"column":2},"end":{"line":11,"column":30}},"10":{"start":{"line":11,"column":19},"end":{"line":11,"column":30}},"11":{"start":{"line":12,"column":2},"end":{"line":12,"column":13}},"12":{"start":{"line":16,"column":2},"end":{"line":16,"column":21}},"13":{"start":{"line":19,"column":0},"end":{"line":19,"column":58}}},"fnMap":{"0":{"name":"calculateAverage","decl":{"start":{"line":1,"column":9},"end":{"line":1,"column":25}},"loc":{"start":{"line":1,"column":34},"end":{"line":6,"column":1}},"line":1},"1":{"name":"(anonymous_1)","decl":{"start":{"line":4,"column":30},"end":{"line":4,"column":31}},"loc":{"start":{"line":4,"column":46},"end":{"line":4,"column":57}},"line":4},"2":{"name":"getGrade","decl":{"start":{"line":8,"column":9},"end":{"line":8,"column":17}},"loc":{"start":{"line":8,"column":25},"end":{"line":13,"column":1}},"line":8},"3":{"name":"isPassed","decl":{"start":{"line":15,"column":9},"end":{"line":15,"column":17}},"loc":{"start":{"line":15,"column":25},"end":{"line":17,"column":1}},"line":15}},"branchMap":{"0":{"loc":{"start":{"line":2,"column":2},"end":{"line":2,"column":47}},"type":"if","locations":[{"start":{"line":2,"column":2},"end":{"line":2,"column":47}},{"start":{},"end":{}}],"line":2},"1":{"loc":{"start":{"line":2,"column":6},"end":{"line":2,"column":36}},"type":"binary-expr","locations":[{"start":{"line":2,"column":6},"end":{"line":2,"column":13}},{"start":{"line":2,"column":17},"end":{"line":2,"column":36}}],"line":2},"2":{"loc":{"start":{"line":9,"column":2},"end":{"line":9,"column":30}},"type":"if","locations":[{"start":{"line":9,"column":2},"end":{"line":9,"column":30}},{"start":{},"end":{}}],"line":9},"3":{"loc":{"start":{"line":10,"column":2},"end":{"line":10,"column":30}},"type":"if","locations":[{"start":{"line":10,"column":2},"end":{"line":10,"column":30}},{"start":{},"end":{}}],"line":10},"4":{"loc":{"start":{"line":11,"column":2},"end":{"line":11,"column":30}},"type":"if","locations":[{"start":{"line":11,"column":2},"end":{"line":11,"column":30}},{"start":{},"end":{}}],"line":11}},"s":{"0":3,"1":1,"2":2,"3":4,"4":2,"5":4,"6":1,"7":3,"8":1,"9":2,"10":1,"11":1,"12":2,"13":1},"f":{"0":3,"1":4,"2":4,"3":2},"b":{"0":[1,2],"1":[3,3],"2":[1,3],"3":[1,2],"4":[1,1]},"inputSourceMap":null,"_coverageSchema":"1a1c01bbd47fc00a2c39e90264f33305004495a9","hash":"ffe0191c830ef5af5861b28695198e4fe8602d18"}
}
